<?xml version="1.0" encoding="UTF-8"?>
<!-- Generated by org.testng.reporters.JUnitReportReporter -->
<testsuite hostname="raza" failures="0" tests="1" name="testscripts.Test1" time="7.540" errors="0" timestamp="2023-04-07T21:20:34 IST" skipped="0">
  <testcase classname="testscripts.Test1" name="test1" time="7.540"/>
  <system-out/>
</testsuite> <!-- testscripts.Test1 -->
