<?xml version="1.0" encoding="UTF-8"?>
<!-- Generated by org.testng.reporters.JUnitReportReporter -->
<testsuite hostname="raza" failures="0" tests="1" name="testscripts.Test3" time="7.412" errors="0" timestamp="2023-04-07T21:20:34 IST" skipped="0">
  <testcase classname="testscripts.Test3" name="test3" time="7.412"/>
  <system-out/>
</testsuite> <!-- testscripts.Test3 -->
