<?xml version="1.0" encoding="UTF-8"?>
<!-- Generated by org.testng.reporters.JUnitReportReporter -->
<testsuite hostname="raza" failures="0" tests="1" name="testscripts.Test2" time="5.853" errors="0" timestamp="2023-04-07T21:20:34 IST" skipped="0">
  <testcase classname="testscripts.Test2" name="test2" time="5.853"/>
  <system-out/>
</testsuite> <!-- testscripts.Test2 -->
